[22:10:54] [main/INFO]: Setting user: ForgeDevName
[22:10:57] [Client thread/INFO]: LWJGL Version: 2.9.1
[22:11:11] [Client thread/INFO]: Reloading ResourceManager: Default, FMLFileResourcePack:Forge Mod Loader, FMLFileResourcePack:Minecraft Forge, FMLFileResourcePack:Survival Tweaks
[22:11:13] [Sound Library Loader/INFO]: Sound engine started
[22:11:18] [Client thread/INFO]: Created: 512x256 textures/blocks-atlas
[22:11:18] [Client thread/INFO]: Created: 256x256 textures/items-atlas
[22:11:18] [Client thread/INFO]: Reloading ResourceManager: Default, FMLFileResourcePack:Forge Mod Loader, FMLFileResourcePack:Minecraft Forge, FMLFileResourcePack:Survival Tweaks
[22:11:19] [Client thread/INFO]: Created: 256x256 textures/items-atlas
[22:11:20] [Client thread/INFO]: Created: 512x256 textures/blocks-atlas
[22:11:21] [Sound Library Loader/INFO]: Sound engine started
[22:11:27] [Server thread/INFO]: Starting integrated minecraft server version 1.7.10
[22:11:27] [Server thread/INFO]: Generating keypair
[22:11:28] [Server thread/INFO]: Preparing start region for level 0
[22:11:29] [Server thread/INFO]: Preparing spawn area: 17%
[22:11:30] [Server thread/INFO]: Preparing spawn area: 87%
[22:11:32] [Server thread/INFO]: Changing view distance to 6, from 10
[22:11:32] [Server thread/INFO]: ForgeDevName[local:E:7b2997e2] logged in with entity id 288 at (-251.5484794049047, 78.0, 255.3036600771194)
[22:11:32] [Server thread/INFO]: ForgeDevName joined the game
[22:11:34] [Server thread/WARN]: Can't keep up! Did the system time change, or is the server overloaded? Running 2271ms behind, skipping 45 tick(s)
[22:13:09] [Server thread/INFO]: Saving and pausing game...
[22:13:09] [Server thread/INFO]: Saving chunks for level 'New World'/Overworld
[22:13:09] [Server thread/INFO]: Saving chunks for level 'New World'/Nether
[22:13:09] [Server thread/INFO]: Saving chunks for level 'New World'/The End
[22:13:09] [Server thread/INFO]: Stopping server
[22:13:09] [Server thread/INFO]: Saving players
[22:13:09] [Server thread/INFO]: Saving worlds
[22:13:09] [Server thread/INFO]: Saving chunks for level 'New World'/Overworld
[22:13:10] [Server thread/INFO]: Saving chunks for level 'New World'/Nether
[22:13:10] [Server thread/INFO]: Saving chunks for level 'New World'/The End
[22:13:12] [Client thread/INFO]: Stopping!
